[ERROR] [17:47:44] io.element.app.App - TCP Server start error {}, going to shut down
java.net.BindException: Address already in use: bind
	at sun.nio.ch.Net.bind0(Native Method)
	at sun.nio.ch.Net.bind(Net.java:444)
	at sun.nio.ch.Net.bind(Net.java:436)
	at sun.nio.ch.ServerSocketChannelImpl.bind(ServerSocketChannelImpl.java:214)
	at sun.nio.ch.ServerSocketAdaptor.bind(ServerSocketAdaptor.java:74)
	at io.netty.channel.socket.nio.NioServerSocketChannel.doBind(NioServerSocketChannel.java:102)
	at io.netty.channel.AbstractChannel$AbstractUnsafe.bind(AbstractChannel.java:478)
	at io.netty.channel.DefaultChannelPipeline$HeadHandler.bind(DefaultChannelPipeline.java:1000)
	at io.netty.channel.DefaultChannelHandlerContext.invokeBind(DefaultChannelHandlerContext.java:456)
	at io.netty.channel.DefaultChannelHandlerContext.bind(DefaultChannelHandlerContext.java:441)
	at io.netty.channel.DefaultChannelPipeline.bind(DefaultChannelPipeline.java:842)
	at io.netty.channel.AbstractChannel.bind(AbstractChannel.java:193)
	at io.netty.bootstrap.AbstractBootstrap$2.run(AbstractBootstrap.java:330)
	at io.netty.util.concurrent.SingleThreadEventExecutor.runAllTasks(SingleThreadEventExecutor.java:354)
	at io.netty.channel.nio.NioEventLoop.run(NioEventLoop.java:348)
	at io.netty.util.concurrent.SingleThreadEventExecutor$2.run(SingleThreadEventExecutor.java:101)
	at java.lang.Thread.run(Thread.java:745)
[ERROR] [20:44:48] io.element.app.App - TCP Server start error {}, going to shut down
java.net.BindException: Address already in use: bind
	at sun.nio.ch.Net.bind0(Native Method)
	at sun.nio.ch.Net.bind(Net.java:444)
	at sun.nio.ch.Net.bind(Net.java:436)
	at sun.nio.ch.ServerSocketChannelImpl.bind(ServerSocketChannelImpl.java:214)
	at sun.nio.ch.ServerSocketAdaptor.bind(ServerSocketAdaptor.java:74)
	at io.netty.channel.socket.nio.NioServerSocketChannel.doBind(NioServerSocketChannel.java:102)
	at io.netty.channel.AbstractChannel$AbstractUnsafe.bind(AbstractChannel.java:478)
	at io.netty.channel.DefaultChannelPipeline$HeadHandler.bind(DefaultChannelPipeline.java:1000)
	at io.netty.channel.DefaultChannelHandlerContext.invokeBind(DefaultChannelHandlerContext.java:456)
	at io.netty.channel.DefaultChannelHandlerContext.bind(DefaultChannelHandlerContext.java:441)
	at io.netty.channel.DefaultChannelPipeline.bind(DefaultChannelPipeline.java:842)
	at io.netty.channel.AbstractChannel.bind(AbstractChannel.java:193)
	at io.netty.bootstrap.AbstractBootstrap$2.run(AbstractBootstrap.java:330)
	at io.netty.util.concurrent.SingleThreadEventExecutor.runAllTasks(SingleThreadEventExecutor.java:354)
	at io.netty.channel.nio.NioEventLoop.run(NioEventLoop.java:348)
	at io.netty.util.concurrent.SingleThreadEventExecutor$2.run(SingleThreadEventExecutor.java:101)
	at java.lang.Thread.run(Thread.java:745)
[ERROR] [21:15:18] io.element.app.App - TCP Server start error {}, going to shut down
java.net.BindException: Address already in use: bind
	at sun.nio.ch.Net.bind0(Native Method)
	at sun.nio.ch.Net.bind(Net.java:444)
	at sun.nio.ch.Net.bind(Net.java:436)
	at sun.nio.ch.ServerSocketChannelImpl.bind(ServerSocketChannelImpl.java:214)
	at sun.nio.ch.ServerSocketAdaptor.bind(ServerSocketAdaptor.java:74)
	at io.netty.channel.socket.nio.NioServerSocketChannel.doBind(NioServerSocketChannel.java:102)
	at io.netty.channel.AbstractChannel$AbstractUnsafe.bind(AbstractChannel.java:478)
	at io.netty.channel.DefaultChannelPipeline$HeadHandler.bind(DefaultChannelPipeline.java:1000)
	at io.netty.channel.DefaultChannelHandlerContext.invokeBind(DefaultChannelHandlerContext.java:456)
	at io.netty.channel.DefaultChannelHandlerContext.bind(DefaultChannelHandlerContext.java:441)
	at io.netty.channel.DefaultChannelPipeline.bind(DefaultChannelPipeline.java:842)
	at io.netty.channel.AbstractChannel.bind(AbstractChannel.java:193)
	at io.netty.bootstrap.AbstractBootstrap$2.run(AbstractBootstrap.java:330)
	at io.netty.util.concurrent.SingleThreadEventExecutor.runAllTasks(SingleThreadEventExecutor.java:354)
	at io.netty.channel.nio.NioEventLoop.run(NioEventLoop.java:348)
	at io.netty.util.concurrent.SingleThreadEventExecutor$2.run(SingleThreadEventExecutor.java:101)
	at java.lang.Thread.run(Thread.java:745)
[ERROR] [11:40:23] io.element.app.App - TCP Server start error {}, going to shut down
java.net.BindException: Address already in use: bind
	at sun.nio.ch.Net.bind0(Native Method)
	at sun.nio.ch.Net.bind(Net.java:444)
	at sun.nio.ch.Net.bind(Net.java:436)
	at sun.nio.ch.ServerSocketChannelImpl.bind(ServerSocketChannelImpl.java:214)
	at sun.nio.ch.ServerSocketAdaptor.bind(ServerSocketAdaptor.java:74)
	at io.netty.channel.socket.nio.NioServerSocketChannel.doBind(NioServerSocketChannel.java:102)
	at io.netty.channel.AbstractChannel$AbstractUnsafe.bind(AbstractChannel.java:478)
	at io.netty.channel.DefaultChannelPipeline$HeadHandler.bind(DefaultChannelPipeline.java:1000)
	at io.netty.channel.DefaultChannelHandlerContext.invokeBind(DefaultChannelHandlerContext.java:456)
	at io.netty.channel.DefaultChannelHandlerContext.bind(DefaultChannelHandlerContext.java:441)
	at io.netty.channel.DefaultChannelPipeline.bind(DefaultChannelPipeline.java:842)
	at io.netty.channel.AbstractChannel.bind(AbstractChannel.java:193)
	at io.netty.bootstrap.AbstractBootstrap$2.run(AbstractBootstrap.java:330)
	at io.netty.util.concurrent.SingleThreadEventExecutor.runAllTasks(SingleThreadEventExecutor.java:354)
	at io.netty.channel.nio.NioEventLoop.run(NioEventLoop.java:348)
	at io.netty.util.concurrent.SingleThreadEventExecutor$2.run(SingleThreadEventExecutor.java:101)
	at java.lang.Thread.run(Thread.java:745)
[ERROR] [13:46:22] io.element.app.App - TCP Server start error {}, going to shut down
java.net.BindException: Address already in use: bind
	at sun.nio.ch.Net.bind0(Native Method)
	at sun.nio.ch.Net.bind(Net.java:444)
	at sun.nio.ch.Net.bind(Net.java:436)
	at sun.nio.ch.ServerSocketChannelImpl.bind(ServerSocketChannelImpl.java:214)
	at sun.nio.ch.ServerSocketAdaptor.bind(ServerSocketAdaptor.java:74)
	at io.netty.channel.socket.nio.NioServerSocketChannel.doBind(NioServerSocketChannel.java:102)
	at io.netty.channel.AbstractChannel$AbstractUnsafe.bind(AbstractChannel.java:478)
	at io.netty.channel.DefaultChannelPipeline$HeadHandler.bind(DefaultChannelPipeline.java:1000)
	at io.netty.channel.DefaultChannelHandlerContext.invokeBind(DefaultChannelHandlerContext.java:456)
	at io.netty.channel.DefaultChannelHandlerContext.bind(DefaultChannelHandlerContext.java:441)
	at io.netty.channel.DefaultChannelPipeline.bind(DefaultChannelPipeline.java:842)
	at io.netty.channel.AbstractChannel.bind(AbstractChannel.java:193)
	at io.netty.bootstrap.AbstractBootstrap$2.run(AbstractBootstrap.java:330)
	at io.netty.util.concurrent.SingleThreadEventExecutor.runAllTasks(SingleThreadEventExecutor.java:354)
	at io.netty.channel.nio.NioEventLoop.run(NioEventLoop.java:348)
	at io.netty.util.concurrent.SingleThreadEventExecutor$2.run(SingleThreadEventExecutor.java:101)
	at java.lang.Thread.run(Thread.java:745)
[ERROR] [19:28:48] io.element.app.App - TCP Server start error {}, going to shut down
java.net.BindException: Address already in use: bind
	at sun.nio.ch.Net.bind0(Native Method)
	at sun.nio.ch.Net.bind(Net.java:444)
	at sun.nio.ch.Net.bind(Net.java:436)
	at sun.nio.ch.ServerSocketChannelImpl.bind(ServerSocketChannelImpl.java:214)
	at sun.nio.ch.ServerSocketAdaptor.bind(ServerSocketAdaptor.java:74)
	at io.netty.channel.socket.nio.NioServerSocketChannel.doBind(NioServerSocketChannel.java:102)
	at io.netty.channel.AbstractChannel$AbstractUnsafe.bind(AbstractChannel.java:478)
	at io.netty.channel.DefaultChannelPipeline$HeadHandler.bind(DefaultChannelPipeline.java:1000)
	at io.netty.channel.DefaultChannelHandlerContext.invokeBind(DefaultChannelHandlerContext.java:456)
	at io.netty.channel.DefaultChannelHandlerContext.bind(DefaultChannelHandlerContext.java:441)
	at io.netty.channel.DefaultChannelPipeline.bind(DefaultChannelPipeline.java:842)
	at io.netty.channel.AbstractChannel.bind(AbstractChannel.java:193)
	at io.netty.bootstrap.AbstractBootstrap$2.run(AbstractBootstrap.java:330)
	at io.netty.util.concurrent.SingleThreadEventExecutor.runAllTasks(SingleThreadEventExecutor.java:354)
	at io.netty.channel.nio.NioEventLoop.run(NioEventLoop.java:348)
	at io.netty.util.concurrent.SingleThreadEventExecutor$2.run(SingleThreadEventExecutor.java:101)
	at java.lang.Thread.run(Thread.java:745)
[ERROR] [19:56:36] io.element.app.App - TCP Server start error {}, going to shut down
java.net.BindException: Address already in use: bind
	at sun.nio.ch.Net.bind0(Native Method)
	at sun.nio.ch.Net.bind(Net.java:444)
	at sun.nio.ch.Net.bind(Net.java:436)
	at sun.nio.ch.ServerSocketChannelImpl.bind(ServerSocketChannelImpl.java:214)
	at sun.nio.ch.ServerSocketAdaptor.bind(ServerSocketAdaptor.java:74)
	at io.netty.channel.socket.nio.NioServerSocketChannel.doBind(NioServerSocketChannel.java:102)
	at io.netty.channel.AbstractChannel$AbstractUnsafe.bind(AbstractChannel.java:478)
	at io.netty.channel.DefaultChannelPipeline$HeadHandler.bind(DefaultChannelPipeline.java:1000)
	at io.netty.channel.DefaultChannelHandlerContext.invokeBind(DefaultChannelHandlerContext.java:456)
	at io.netty.channel.DefaultChannelHandlerContext.bind(DefaultChannelHandlerContext.java:441)
	at io.netty.channel.DefaultChannelPipeline.bind(DefaultChannelPipeline.java:842)
	at io.netty.channel.AbstractChannel.bind(AbstractChannel.java:193)
	at io.netty.bootstrap.AbstractBootstrap$2.run(AbstractBootstrap.java:330)
	at io.netty.util.concurrent.SingleThreadEventExecutor.runAllTasks(SingleThreadEventExecutor.java:354)
	at io.netty.channel.nio.NioEventLoop.run(NioEventLoop.java:348)
	at io.netty.util.concurrent.SingleThreadEventExecutor$2.run(SingleThreadEventExecutor.java:101)
	at java.lang.Thread.run(Thread.java:745)
